Dec 26 23:10:53.296 INFO Starting Anodium on a tty using udev
Dec 26 23:10:53.322 INFO rhai: initalizing!!!
Dec 26 23:10:53.325 INFO Primary GPU: Some("/dev/dri/card0")
Dec 26 23:10:53.326 WARN Unable to load xcursor: Theme has no default cursor, using fallback cursor
Dec 26 23:10:53.421 INFO Device Added 57856 : "/dev/dri/card0"
Dec 26 23:10:53.525 INFO Initializing EGL Hardware Acceleration via "/dev/dri/card0"
Dec 26 23:10:53.525 INFO EGL hardware-acceleration enabled
Dec 26 23:10:53.547 INFO Connected: EmbeddedDisplayPort
Dec 26 23:10:53.547 INFO Connected: HDMIA
Dec 26 23:10:53.547 INFO Trying to setup connector EmbeddedDisplayPort-1 with crtc crtc::Handle(67)
Dec 26 23:10:53.548 INFO rhai: anodize on_new
Dec 26 23:10:55.135 INFO Trying to setup connector HDMIA-1 with crtc crtc::Handle(70)
Dec 26 23:10:55.136 INFO rhai: anodize on_new
Dec 26 23:10:56.696 INFO OutputCreated: eDP-1
Dec 26 23:10:56.696 INFO OutputCreated: HDMI-A-1
unable to lock lockfile /run/user/1000/wayland-0.lock, maybe another compositor is running
Dec 26 23:10:56.984 INFO Listening on wayland socket, name: wayland-1
(WW) Option "-listen" for file descriptors is deprecated
Please use "-listenfd" instead.
(WW) Option "-listen" for file descriptors is deprecated
Please use "-listenfd" instead.
glamor: No eglstream capable devices found
Dec 26 23:10:57.507 INFO rhai: anodize rearrange
Dec 26 23:10:57.508 INFO rhai: searching for mode
Dec 26 23:10:57.508 INFO rhai: searching for mode
The XKEYBOARD keymap compiler (xkbcomp) reports:
> Warning:          Unsupported maximum keycode 569, clipping.
>                   X11 cannot support keycodes above 255.
Errors from xkbcomp are not fatal to the X server
Dec 26 23:10:58.825 DEBG key, state: Pressed, keycode: 29
Dec 26 23:10:58.825 DEBG keysym, keysym: Control_L, mods: ModifiersState { ctrl: true, alt: false, shift: false, caps_lock: false, logo: false, num_lock: false }, state: Pressed
Dec 26 23:10:58.949 DEBG key, state: Pressed, keycode: 13
Dec 26 23:10:58.949 DEBG keysym, keysym: equal, mods: ModifiersState { ctrl: true, alt: false, shift: false, caps_lock: false, logo: false, num_lock: false }, state: Pressed
thread 'main' panicked at 'called `Result::unwrap()` on an `Err` value: IoError(Os { code: 2, kind: NotFound, message: "No such file or directory" })', src/output_map/output.rs:70:39
note: run with `RUST_BACKTRACE=1` environment variable to display a backtrace
(EE) failed to read Wayland events: Broken pipe
